Log file open, 11/26/20 14:24:07
LogInit: Display: Running engine for game: MyProject2
LogPlatformFile: Not using cached read wrapper
LogTaskGraph: Started task graph with 5 named threads and 23 total threads with 3 sets of task threads.
LogStats: Stats thread started at 0.390103
LogD3D11RHI: Loaded GFSDK_Aftermath_Lib.x64.dll
LogICUInternationalization: ICU TimeZone Detection - Raw Offset: -5:00, Platform Override: ''
LogPluginManager: Mounting plugin Paper2D
LogPluginManager: Mounting plugin AISupport
LogPluginManager: Mounting plugin LightPropagationVolume
LogPluginManager: Mounting plugin CameraShakePreviewer
LogPluginManager: Mounting plugin ActorLayerUtilities
LogPluginManager: Mounting plugin AnimationSharing
LogPluginManager: Mounting plugin CLionSourceCodeAccess
LogPluginManager: Mounting plugin CodeLiteSourceCodeAccess
LogPluginManager: Mounting plugin GitSourceControl
LogPluginManager: Mounting plugin KDevelopSourceCodeAccess
LogPluginManager: Mounting plugin NullSourceCodeAccess
LogPluginManager: Mounting plugin PerforceSourceControl
LogPluginManager: Mounting plugin PlasticSourceControl
LogPluginManager: Mounting plugin RiderSourceCodeAccess
LogPluginManager: Mounting plugin SubversionSourceControl
LogPluginManager: Mounting plugin UObjectPlugin
LogPluginManager: Mounting plugin VisualStudioCodeSourceCodeAccess
LogPluginManager: Mounting plugin VisualStudioSourceCodeAccess
LogPluginManager: Mounting plugin XCodeSourceCodeAccess
LogPluginManager: Mounting plugin AssetManagerEditor
LogPluginManager: Mounting plugin CryptoKeys
LogPluginManager: Mounting plugin CurveEditorTools
LogPluginManager: Mounting plugin DataValidation
LogPluginManager: Mounting plugin EditorScriptingUtilities
LogPluginManager: Mounting plugin FacialAnimation
LogPluginManager: Mounting plugin GameplayTagsEditor
LogPluginManager: Mounting plugin GeometryMode
LogPluginManager: Mounting plugin MacGraphicsSwitching
LogPluginManager: Mounting plugin MaterialAnalyzer
LogPluginManager: Mounting plugin MobileLauncherProfileWizard
LogPluginManager: Mounting plugin PluginBrowser
LogPluginManager: Mounting plugin SpeedTreeImporter
LogPluginManager: Mounting plugin DatasmithContent
LogPluginManager: Mounting plugin VariantManagerContent
LogPluginManager: Mounting plugin AlembicImporter
LogPluginManager: Mounting plugin AutomationUtils
LogPluginManager: Mounting plugin BackChannel
LogPluginManager: Mounting plugin ChaosCloth
LogPluginManager: Mounting plugin ChaosClothEditor
LogPluginManager: Mounting plugin ChaosEditor
LogPluginManager: Mounting plugin ChaosNiagara
LogPluginManager: Mounting plugin ChaosSolverPlugin
LogPluginManager: Mounting plugin CharacterAI
LogPluginManager: Mounting plugin GeometryCache
LogPluginManager: Mounting plugin GeometryCollectionPlugin
LogPluginManager: Mounting plugin GeometryProcessing
LogPluginManager: Mounting plugin PlanarCut
LogPluginManager: Mounting plugin PlatformCrypto
LogPluginManager: Mounting plugin ProxyLODPlugin
LogPluginManager: Mounting plugin SkeletalReduction
LogPluginManager: Mounting plugin Niagara
LogPluginManager: Mounting plugin MagicLeap
LogPluginManager: Mounting plugin MagicLeapLightEstimation
LogPluginManager: Mounting plugin MagicLeapMedia
LogPluginManager: Mounting plugin MagicLeapPassableWorld
LogPluginManager: Mounting plugin MLSDK
LogPluginManager: Mounting plugin AndroidMedia
LogPluginManager: Mounting plugin AvfMedia
LogPluginManager: Mounting plugin ImgMedia
LogPluginManager: Mounting plugin MediaCompositing
LogPluginManager: Mounting plugin MediaPlayerEditor
LogPluginManager: Mounting plugin WebMMedia
LogPluginManager: Mounting plugin WmfMedia
LogPluginManager: Mounting plugin MeshPainting
LogPluginManager: Mounting plugin TcpMessaging
LogPluginManager: Mounting plugin UdpMessaging
LogPluginManager: Mounting plugin ActorSequence
LogPluginManager: Mounting plugin LevelSequenceEditor
LogPluginManager: Mounting plugin MatineeToLevelSequence
LogPluginManager: Mounting plugin MovieRenderPipeline
LogPluginManager: Mounting plugin TemplateSequence
LogPluginManager: Mounting plugin NetcodeUnitTest
LogPluginManager: Mounting plugin NUTUnrealEngine4
LogPluginManager: Mounting plugin OnlineSubsystemGooglePlay
LogPluginManager: Mounting plugin OnlineSubsystemIOS
LogPluginManager: Mounting plugin OnlineSubsystem
LogPluginManager: Mounting plugin OnlineSubsystemNull
LogPluginManager: Mounting plugin OnlineSubsystemUtils
LogPluginManager: Mounting plugin LauncherChunkInstaller
LogPluginManager: Mounting plugin AndroidDeviceProfileSelector
LogPluginManager: Mounting plugin AndroidMoviePlayer
LogPluginManager: Mounting plugin AndroidPermission
LogPluginManager: Mounting plugin AppleImageUtils
LogPluginManager: Mounting plugin AppleMoviePlayer
LogPluginManager: Mounting plugin ArchVisCharacter
LogPluginManager: Mounting plugin AssetTags
LogPluginManager: Mounting plugin AudioCapture
LogPluginManager: Mounting plugin CableComponent
LogPluginManager: Mounting plugin CustomMeshComponent
LogPluginManager: Mounting plugin EditableMesh
LogPluginManager: Mounting plugin ExampleDeviceProfileSelector
LogPluginManager: Mounting plugin GoogleCloudMessaging
LogPluginManager: Mounting plugin GooglePAD
LogPluginManager: Mounting plugin IOSDeviceProfileSelector
LogPluginManager: Mounting plugin LinuxDeviceProfileSelector
LogPluginManager: Mounting plugin LocationServicesBPLibrary
LogPluginManager: Mounting plugin MobilePatchingUtils
LogPluginManager: Mounting plugin OculusVR
LogPluginManager: Mounting plugin PhysXVehicles
LogPluginManager: Mounting plugin PostSplashScreen
LogPluginManager: Mounting plugin ProceduralMeshComponent
LogPluginManager: Mounting plugin RuntimePhysXCooking
LogPluginManager: Mounting plugin SignificanceManager
LogPluginManager: Mounting plugin SoundFields
LogPluginManager: Mounting plugin SteamVR
LogPluginManager: Mounting plugin Synthesis
LogPluginManager: Mounting plugin WebMMoviePlayer
LogPluginManager: Mounting plugin WindowsMoviePlayer
LogPluginManager: Mounting plugin ScreenshotTools
LogPluginManager: Mounting plugin TestPlugin
LogInit: Using libcurl 7.55.1-DEV
LogInit:  - built for x86_64-pc-win32
LogInit:  - supports SSL with OpenSSL/1.1.1
LogInit:  - supports HTTP deflate (compression) using libz 1.2.8
LogInit:  - other features:
LogInit:      CURL_VERSION_SSL
LogInit:      CURL_VERSION_LIBZ
LogInit:      CURL_VERSION_IPV6
LogInit:      CURL_VERSION_ASYNCHDNS
LogInit:      CURL_VERSION_LARGEFILE
LogInit:      CURL_VERSION_IDN
LogInit:  CurlRequestOptions (configurable via config and command line):
LogInit:  - bVerifyPeer = true  - Libcurl will verify peer certificate
LogInit:  - bUseHttpProxy = false  - Libcurl will NOT use HTTP proxy
LogInit:  - bDontReuseConnections = false  - Libcurl will reuse connections
LogInit:  - MaxHostConnections = 16  - Libcurl will limit the number of connections to a host
LogInit:  - LocalHostAddr = Default
LogInit:  - BufferSize = 65536
LogOnline: OSS: Creating online subsystem instance for: NULL
LogInit: WinSock: version 1.1 (2.2), MaxSocks=32767, MaxUdp=65467
LogOnline: OSS: TryLoadSubsystemAndSetDefault: Loaded subsystem for module [NULL]
LogOculusPluginWrapper: OculusPlugin initialized successfully
LogHMD: Failed initializing OVRPlugin 1.44.0
LogInit: Build: ++UE4+Release-4.25-CL-14469661
LogInit: Engine Version: 4.25.4-14469661+++UE4+Release-4.25
LogInit: Compatible Engine Version: 4.25.0-13144385+++UE4+Release-4.25
LogInit: Net CL: 13144385
LogInit: OS: Windows 10 (Release 1909) (), CPU: AMD Ryzen 7 3750H with Radeon Vega Mobile Gfx  , GPU: AMD Radeon(TM) RX Vega 10 Graphics
LogInit: Compiled (64-bit): Oct 11 2020 08:10:49
LogInit: Compiled with Visual C++: 19.24.28315.00
LogInit: Build Configuration: Development
LogInit: Branch Name: ++UE4+Release-4.25
LogInit: Command Line:  -skipcompile
LogInit: Base Directory: C:/Program Files/Epic Games/UE_4.25/Engine/Binaries/Win64/
LogInit: Allocator: TBB
LogInit: Installed Engine Build: 1
LogDevObjectVersion: Number of dev versions registered: 26
LogDevObjectVersion:   Dev-Blueprints (B0D832E4-1F89-4F0D-ACCF-7EB736FD4AA2): 10
LogDevObjectVersion:   Dev-Build (E1C64328-A22C-4D53-A36C-8E866417BD8C): 0
LogDevObjectVersion:   Dev-Core (375EC13C-06E4-48FB-B500-84F0262A717E): 4
LogDevObjectVersion:   Dev-Editor (E4B068ED-F494-42E9-A231-DA0B2E46BB41): 38
LogDevObjectVersion:   Dev-Framework (CFFC743F-43B0-4480-9391-14DF171D2073): 37
LogDevObjectVersion:   Dev-Mobile (B02B49B5-BB20-44E9-A304-32B752E40360): 2
LogDevObjectVersion:   Dev-Networking (A4E4105C-59A1-49B5-A7C5-40C4547EDFEE): 0
LogDevObjectVersion:   Dev-Online (39C831C9-5AE6-47DC-9A44-9C173E1C8E7C): 0
LogDevObjectVersion:   Dev-Physics (78F01B33-EBEA-4F98-B9B4-84EACCB95AA2): 4
LogDevObjectVersion:   Dev-Platform (6631380F-2D4D-43E0-8009-CF276956A95A): 0
LogDevObjectVersion:   Dev-Rendering (12F88B9F-8875-4AFC-A67C-D90C383ABD29): 43
LogDevObjectVersion:   Dev-Sequencer (7B5AE74C-D270-4C10-A958-57980B212A5A): 12
LogDevObjectVersion:   Dev-VR (D7296918-1DD6-4BDD-9DE2-64A83CC13884): 3
LogDevObjectVersion:   Dev-LoadTimes (C2A15278-BFE7-4AFE-6C17-90FF531DF755): 1
LogDevObjectVersion:   Private-Geometry (6EACA3D4-40EC-4CC1-B786-8BED09428FC5): 3
LogDevObjectVersion:   Dev-AnimPhys (29E575DD-E0A3-4627-9D10-D276232CDCEA): 17
LogDevObjectVersion:   Dev-Anim (AF43A65D-7FD3-4947-9873-3E8ED9C1BB05): 7
LogDevObjectVersion:   Dev-ReflectionCapture (6B266CEC-1EC7-4B8F-A30B-E4D90942FC07): 1
LogDevObjectVersion:   Dev-Automation (0DF73D61-A23F-47EA-B727-89E90C41499A): 1
LogDevObjectVersion:   FortniteMain (601D1886-AC64-4F84-AA16-D3DE0DEAC7D6): 31
LogDevObjectVersion:   Dev-Enterprise (9DFFBCD6-494F-0158-E221-12823C92A888): 10
LogDevObjectVersion:   Dev-Niagara (F2AED0AC-9AFE-416F-8664-AA7FFA26D6FC): 1
LogDevObjectVersion:   Dev-Destruction (174F1F0B-B4C6-45A5-B13F-2EE8D0FB917D): 10
LogDevObjectVersion:   Dev-Physics-Ext (35F94A83-E258-406C-A318-09F59610247C): 37
LogDevObjectVersion:   Dev-PhysicsMaterial-Chaos (B68FC16E-8B1B-42E2-B453-215C058844FE): 1
LogDevObjectVersion:   Dev-CineCamera (B2E18506-4273-CFC2-A54E-F4BB758BBA07): 1
LogInit: Presizing for max 25165824 objects, including 0 objects not considered by GC, pre-allocating 0 bytes for permanent pool.
LogConfig: Applying CVar settings from Section [/Script/Engine.StreamingSettings] File [C:/Users/Seque/Documents/Unreal Projects/MyProject2/Saved/Config/Windows/Engine.ini]
LogConfig: Setting CVar [[s.MinBulkDataSizeForAsyncLoading:131072]]
LogConfig: Setting CVar [[s.AsyncLoadingThreadEnabled:0]]
LogConfig: Setting CVar [[s.EventDrivenLoaderEnabled:1]]
LogConfig: Setting CVar [[s.WarnIfTimeLimitExceeded:0]]
LogConfig: Setting CVar [[s.TimeLimitExceededMultiplier:1.5]]
LogConfig: Setting CVar [[s.TimeLimitExceededMinTime:0.005]]
LogConfig: Setting CVar [[s.UseBackgroundLevelStreaming:1]]
LogConfig: Setting CVar [[s.PriorityAsyncLoadingExtraTime:15.0]]
LogConfig: Setting CVar [[s.LevelStreamingActorsUpdateTimeLimit:5.0]]
LogConfig: Setting CVar [[s.PriorityLevelStreamingActorsUpdateExtraTime:5.0]]
LogConfig: Setting CVar [[s.LevelStreamingComponentsRegistrationGranularity:10]]
LogConfig: Setting CVar [[s.UnregisterComponentsTimeLimit:1.0]]
LogConfig: Setting CVar [[s.LevelStreamingComponentsUnregistrationGranularity:5]]
LogConfig: Setting CVar [[s.FlushStreamingOnExit:1]]
LogInit: Object subsystem initialized
LogConfig: Setting CVar [[con.DebugEarlyDefault:1]]
LogConfig: Setting CVar [[r.setres:1280x720]]
[2020.11.26-19.24.09:589][  0]LogConfig: Setting CVar [[r.VSync:0]]
[2020.11.26-19.24.09:590][  0]LogConfig: Setting CVar [[r.RHICmdBypass:0]]
[2020.11.26-19.24.09:590][  0]LogConfig: Applying CVar settings from Section [/Script/Engine.RendererSettings] File [C:/Users/Seque/Documents/Unreal Projects/MyProject2/Saved/Config/Windows/Engine.ini]
[2020.11.26-19.24.09:590][  0]LogConfig: Setting CVar [[r.GPUCrashDebugging:0]]
[2020.11.26-19.24.09:590][  0]LogConfig: Applying CVar settings from Section [/Script/Engine.RendererOverrideSettings] File [C:/Users/Seque/Documents/Unreal Projects/MyProject2/Saved/Config/Windows/Engine.ini]
[2020.11.26-19.24.09:590][  0]LogConfig: Applying CVar settings from Section [/Script/Engine.StreamingSettings] File [C:/Users/Seque/Documents/Unreal Projects/MyProject2/Saved/Config/Windows/Engine.ini]
[2020.11.26-19.24.09:590][  0]LogConfig: Setting CVar [[s.MinBulkDataSizeForAsyncLoading:131072]]
[2020.11.26-19.24.09:590][  0]LogConfig: Setting CVar [[s.AsyncLoadingThreadEnabled:0]]
[2020.11.26-19.24.09:590][  0]LogConfig: Setting CVar [[s.EventDrivenLoaderEnabled:1]]
[2020.11.26-19.24.09:590][  0]LogConfig: Setting CVar [[s.WarnIfTimeLimitExceeded:0]]
[2020.11.26-19.24.09:590][  0]LogConfig: Setting CVar [[s.TimeLimitExceededMultiplier:1.5]]
[2020.11.26-19.24.09:590][  0]LogConfig: Setting CVar [[s.TimeLimitExceededMinTime:0.005]]
[2020.11.26-19.24.09:590][  0]LogConfig: Setting CVar [[s.UseBackgroundLevelStreaming:1]]
[2020.11.26-19.24.09:590][  0]LogConfig: Setting CVar [[s.PriorityAsyncLoadingExtraTime:15.0]]
[2020.11.26-19.24.09:590][  0]LogConfig: Setting CVar [[s.LevelStreamingActorsUpdateTimeLimit:5.0]]
[2020.11.26-19.24.09:590][  0]LogConfig: Setting CVar [[s.PriorityLevelStreamingActorsUpdateExtraTime:5.0]]
[2020.11.26-19.24.09:590][  0]LogConfig: Setting CVar [[s.LevelStreamingComponentsRegistrationGranularity:10]]
[2020.11.26-19.24.09:590][  0]LogConfig: Setting CVar [[s.UnregisterComponentsTimeLimit:1.0]]
[2020.11.26-19.24.09:591][  0]LogConfig: Setting CVar [[s.LevelStreamingComponentsUnregistrationGranularity:5]]
[2020.11.26-19.24.09:591][  0]LogConfig: Setting CVar [[s.FlushStreamingOnExit:1]]
[2020.11.26-19.24.09:591][  0]LogConfig: Applying CVar settings from Section [/Script/Engine.GarbageCollectionSettings] File [C:/Users/Seque/Documents/Unreal Projects/MyProject2/Saved/Config/Windows/Engine.ini]
[2020.11.26-19.24.09:591][  0]LogConfig: Setting CVar [[gc.MaxObjectsNotConsideredByGC:1]]
[2020.11.26-19.24.09:591][  0]LogConfig: Setting CVar [[gc.SizeOfPermanentObjectPool:0]]
[2020.11.26-19.24.09:591][  0]LogConfig: Setting CVar [[gc.FlushStreamingOnGC:0]]
[2020.11.26-19.24.09:591][  0]LogConfig: Setting CVar [[gc.NumRetriesBeforeForcingGC:10]]
[2020.11.26-19.24.09:591][  0]LogConfig: Setting CVar [[gc.AllowParallelGC:1]]
[2020.11.26-19.24.09:591][  0]LogConfig: Setting CVar [[gc.TimeBetweenPurgingPendingKillObjects:61.1]]
[2020.11.26-19.24.09:591][  0]LogConfig: Setting CVar [[gc.MaxObjectsInEditor:25165824]]
[2020.11.26-19.24.09:591][  0]LogConfig: Setting CVar [[gc.IncrementalBeginDestroyEnabled:1]]
[2020.11.26-19.24.09:591][  0]LogConfig: Setting CVar [[gc.CreateGCClusters:1]]
[2020.11.26-19.24.09:591][  0]LogConfig: Setting CVar [[gc.MinGCClusterSize:5]]
[2020.11.26-19.24.09:591][  0]LogConfig: Setting CVar [[gc.ActorClusteringEnabled:0]]
[2020.11.26-19.24.09:591][  0]LogConfig: Setting CVar [[gc.BlueprintClusteringEnabled:0]]
[2020.11.26-19.24.09:591][  0]LogConfig: Setting CVar [[gc.UseDisregardForGCOnDedicatedServers:0]]
[2020.11.26-19.24.09:592][  0]LogConfig: Applying CVar settings from Section [/Script/Engine.NetworkSettings] File [C:/Users/Seque/Documents/Unreal Projects/MyProject2/Saved/Config/Windows/Engine.ini]
[2020.11.26-19.24.09:592][  0]LogConfig: Applying CVar settings from Section [/Script/UnrealEd.CookerSettings] File [C:/Users/Seque/Documents/Unreal Projects/MyProject2/Saved/Config/Windows/Engine.ini]
[2020.11.26-19.24.09:600][  0]LogConfig: Applying CVar settings from Section [ViewDistanceQuality@3] File [C:/Users/Seque/Documents/Unreal Projects/MyProject2/Saved/Config/Windows/Scalability.ini]
[2020.11.26-19.24.09:601][  0]LogConfig: Setting CVar [[r.SkeletalMeshLODBias:0]]
[2020.11.26-19.24.09:601][  0]LogConfig: Setting CVar [[r.ViewDistanceScale:1.0]]
[2020.11.26-19.24.09:601][  0]LogConfig: Applying CVar settings from Section [AntiAliasingQuality@3] File [C:/Users/Seque/Documents/Unreal Projects/MyProject2/Saved/Config/Windows/Scalability.ini]
[2020.11.26-19.24.09:601][  0]LogConfig: Setting CVar [[r.PostProcessAAQuality:4]]
[2020.11.26-19.24.09:601][  0]LogConfig: Applying CVar settings from Section [ShadowQuality@3] File [C:/Users/Seque/Documents/Unreal Projects/MyProject2/Saved/Config/Windows/Scalability.ini]
[2020.11.26-19.24.09:601][  0]LogConfig: Setting CVar [[r.LightFunctionQuality:1]]
[2020.11.26-19.24.09:601][  0]LogConfig: Setting CVar [[r.ShadowQuality:5]]
[2020.11.26-19.24.09:601][  0]LogConfig: Setting CVar [[r.Shadow.CSM.MaxCascades:10]]
[2020.11.26-19.24.09:601][  0]LogConfig: Setting CVar [[r.Shadow.MaxResolution:2048]]
[2020.11.26-19.24.09:601][  0]LogConfig: Setting CVar [[r.Shadow.MaxCSMResolution:2048]]
[2020.11.26-19.24.09:601][  0]LogConfig: Setting CVar [[r.Shadow.RadiusThreshold:0.01]]
[2020.11.26-19.24.09:601][  0]LogConfig: Setting CVar [[r.Shadow.DistanceScale:1.0]]
[2020.11.26-19.24.09:601][  0]LogConfig: Setting CVar [[r.Shadow.CSM.TransitionScale:1.0]]
[2020.11.26-19.24.09:601][  0]LogConfig: Setting CVar [[r.Shadow.PreShadowResolutionFactor:1.0]]
[2020.11.26-19.24.09:602][  0]LogConfig: Setting CVar [[r.DistanceFieldShadowing:1]]
[2020.11.26-19.24.09:602][  0]LogConfig: Setting CVar [[r.DistanceFieldAO:1]]
[2020.11.26-19.24.09:602][  0]LogConfig: Setting CVar [[r.AOQuality:2]]
[2020.11.26-19.24.09:602][  0]LogConfig: Setting CVar [[r.VolumetricFog:1]]
[2020.11.26-19.24.09:602][  0]LogConfig: Setting CVar [[r.VolumetricFog.GridPixelSize:8]]
[2020.11.26-19.24.09:602][  0]LogConfig: Setting CVar [[r.VolumetricFog.GridSizeZ:128]]
[2020.11.26-19.24.09:602][  0]LogConfig: Setting CVar [[r.VolumetricFog.HistoryMissSupersampleCount:4]]
[2020.11.26-19.24.09:602][  0]LogConfig: Setting CVar [[r.LightMaxDrawDistanceScale:1]]
[2020.11.26-19.24.09:602][  0]LogConfig: Setting CVar [[r.CapsuleShadows:1]]
[2020.11.26-19.24.09:602][  0]LogConfig: Applying CVar settings from Section [PostProcessQuality@3] File [C:/Users/Seque/Documents/Unreal Projects/MyProject2/Saved/Config/Windows/Scalability.ini]
[2020.11.26-19.24.09:602][  0]LogConfig: Setting CVar [[r.MotionBlurQuality:4]]
[2020.11.26-19.24.09:602][  0]LogConfig: Setting CVar [[r.AmbientOcclusionMipLevelFactor:0.4]]
[2020.11.26-19.24.09:602][  0]LogConfig: Setting CVar [[r.AmbientOcclusionMaxQuality:100]]
[2020.11.26-19.24.09:602][  0]LogConfig: Setting CVar [[r.AmbientOcclusionLevels:-1]]
[2020.11.26-19.24.09:602][  0]LogConfig: Setting CVar [[r.AmbientOcclusionRadiusScale:1.0]]
[2020.11.26-19.24.09:603][  0]LogConfig: Setting CVar [[r.DepthOfFieldQuality:2]]
[2020.11.26-19.24.09:603][  0]LogConfig: Setting CVar [[r.RenderTargetPoolMin:400]]
[2020.11.26-19.24.09:603][  0]LogConfig: Setting CVar [[r.LensFlareQuality:2]]
[2020.11.26-19.24.09:603][  0]LogConfig: Setting CVar [[r.SceneColorFringeQuality:1]]
[2020.11.26-19.24.09:603][  0]LogConfig: Setting CVar [[r.EyeAdaptationQuality:2]]
[2020.11.26-19.24.09:603][  0]LogConfig: Setting CVar [[r.BloomQuality:5]]
[2020.11.26-19.24.09:603][  0]LogConfig: Setting CVar [[r.FastBlurThreshold:100]]
[2020.11.26-19.24.09:603][  0]LogConfig: Setting CVar [[r.Upscale.Quality:3]]
[2020.11.26-19.24.09:603][  0]LogConfig: Setting CVar [[r.Tonemapper.GrainQuantization:1]]
[2020.11.26-19.24.09:603][  0]LogConfig: Setting CVar [[r.LightShaftQuality:1]]
[2020.11.26-19.24.09:603][  0]LogConfig: Setting CVar [[r.Filter.SizeScale:1]]
[2020.11.26-19.24.09:603][  0]LogConfig: Setting CVar [[r.Tonemapper.Quality:5]]
[2020.11.26-19.24.09:603][  0]LogConfig: Setting CVar [[r.DOF.Gather.AccumulatorQuality:1        ; higher gathering accumulator quality]]
[2020.11.26-19.24.09:603][  0]LogConfig: Setting CVar [[r.DOF.Gather.PostfilterMethod:1          ; Median3x3 postfilering method]]
[2020.11.26-19.24.09:603][  0]LogConfig: Setting CVar [[r.DOF.Gather.EnableBokehSettings:0       ; no bokeh simulation when gathering]]
[2020.11.26-19.24.09:603][  0]LogConfig: Setting CVar [[r.DOF.Gather.RingCount:4                 ; medium number of samples when gathering]]
[2020.11.26-19.24.09:603][  0]LogConfig: Setting CVar [[r.DOF.Scatter.ForegroundCompositing:1    ; additive foreground scattering]]
[2020.11.26-19.24.09:603][  0]LogConfig: Setting CVar [[r.DOF.Scatter.BackgroundCompositing:2    ; additive background scattering]]
[2020.11.26-19.24.09:604][  0]LogConfig: Setting CVar [[r.DOF.Scatter.EnableBokehSettings:1      ; bokeh simulation when scattering]]
[2020.11.26-19.24.09:604][  0]LogConfig: Setting CVar [[r.DOF.Scatter.MaxSpriteRatio:0.1         ; only a maximum of 10% of scattered bokeh]]
[2020.11.26-19.24.09:604][  0]LogConfig: Setting CVar [[r.DOF.Recombine.Quality:1                ; cheap slight out of focus]]
[2020.11.26-19.24.09:604][  0]LogConfig: Setting CVar [[r.DOF.Recombine.EnableBokehSettings:0    ; no bokeh simulation on slight out of focus]]
[2020.11.26-19.24.09:604][  0]LogConfig: Setting CVar [[r.DOF.TemporalAAQuality:1                ; more stable temporal accumulation]]
[2020.11.26-19.24.09:604][  0]LogConfig: Setting CVar [[r.DOF.Kernel.MaxForegroundRadius:0.025]]
[2020.11.26-19.24.09:604][  0]LogConfig: Setting CVar [[r.DOF.Kernel.MaxBackgroundRadius:0.025]]
[2020.11.26-19.24.09:604][  0]LogConfig: Applying CVar settings from Section [TextureQuality@3] File [C:/Users/Seque/Documents/Unreal Projects/MyProject2/Saved/Config/Windows/Scalability.ini]
[2020.11.26-19.24.09:604][  0]LogConfig: Setting CVar [[r.Streaming.MipBias:0]]
[2020.11.26-19.24.09:604][  0]LogConfig: Setting CVar [[r.Streaming.AmortizeCPUToGPUCopy:0]]
[2020.11.26-19.24.09:604][  0]LogConfig: Setting CVar [[r.Streaming.MaxNumTexturesToStreamPerFrame:0]]
[2020.11.26-19.24.09:604][  0]LogConfig: Setting CVar [[r.Streaming.Boost:1]]
[2020.11.26-19.24.09:604][  0]LogConfig: Setting CVar [[r.MaxAnisotropy:8]]
[2020.11.26-19.24.09:604][  0]LogConfig: Setting CVar [[r.VT.MaxAnisotropy:8]]
[2020.11.26-19.24.09:604][  0]LogConfig: Setting CVar [[r.Streaming.LimitPoolSizeToVRAM:0]]
[2020.11.26-19.24.09:604][  0]LogConfig: Setting CVar [[r.Streaming.PoolSize:1000]]
[2020.11.26-19.24.09:605][  0]LogConfig: Setting CVar [[r.Streaming.MaxEffectiveScreenSize:0]]
[2020.11.26-19.24.09:605][  0]LogConfig: Applying CVar settings from Section [EffectsQuality@3] File [C:/Users/Seque/Documents/Unreal Projects/MyProject2/Saved/Config/Windows/Scalability.ini]
[2020.11.26-19.24.09:605][  0]LogConfig: Setting CVar [[r.TranslucencyLightingVolumeDim:64]]
[2020.11.26-19.24.09:605][  0]LogConfig: Setting CVar [[r.RefractionQuality:2]]
[2020.11.26-19.24.09:605][  0]LogConfig: Setting CVar [[r.SSR.Quality:3]]
[2020.11.26-19.24.09:605][  0]LogConfig: Setting CVar [[r.SSR.HalfResSceneColor:0]]
[2020.11.26-19.24.09:605][  0]LogConfig: Setting CVar [[r.SceneColorFormat:4]]
[2020.11.26-19.24.09:605][  0]LogConfig: Setting CVar [[r.DetailMode:2]]
[2020.11.26-19.24.09:605][  0]LogConfig: Setting CVar [[r.TranslucencyVolumeBlur:1]]
[2020.11.26-19.24.09:605][  0]LogConfig: Setting CVar [[r.MaterialQualityLevel:1 ; High quality]]
[2020.11.26-19.24.09:605][  0]LogConfig: Setting CVar [[r.SSS.Scale:1]]
[2020.11.26-19.24.09:605][  0]LogConfig: Setting CVar [[r.SSS.SampleSet:2]]
[2020.11.26-19.24.09:605][  0]LogConfig: Setting CVar [[r.SSS.Quality:1]]
[2020.11.26-19.24.09:605][  0]LogConfig: Setting CVar [[r.SSS.HalfRes:0]]
[2020.11.26-19.24.09:605][  0]LogConfig: Setting CVar [[r.SSGI.Quality:3]]
[2020.11.26-19.24.09:605][  0]LogConfig: Setting CVar [[r.EmitterSpawnRateScale:1.0]]
[2020.11.26-19.24.09:605][  0]LogConfig: Setting CVar [[r.ParticleLightQuality:2]]
[2020.11.26-19.24.09:605][  0]LogConfig: Setting CVar [[r.SkyAtmosphere.AerialPerspectiveLUT.FastApplyOnOpaque:1 ; Always have FastSkyLUT 1 in this case to avoid wrong sky]]
[2020.11.26-19.24.09:605][  0]LogConfig: Setting CVar [[r.SkyAtmosphere.AerialPerspectiveLUT.SampleCountPerSlice:1]]
[2020.11.26-19.24.09:606][  0]LogConfig: Setting CVar [[r.SkyAtmosphere.AerialPerspectiveLUT.DepthResolution:16.0]]
[2020.11.26-19.24.09:606][  0]LogConfig: Setting CVar [[r.SkyAtmosphere.FastSkyLUT:1]]
[2020.11.26-19.24.09:606][  0]LogConfig: Setting CVar [[r.SkyAtmosphere.FastSkyLUT.SampleCountMin:4.0]]
[2020.11.26-19.24.09:606][  0]LogConfig: Setting CVar [[r.SkyAtmosphere.FastSkyLUT.SampleCountMax:32.0]]
[2020.11.26-19.24.09:606][  0]LogConfig: Setting CVar [[r.SkyAtmosphere.SampleCountMin:4.0]]
[2020.11.26-19.24.09:606][  0]LogConfig: Setting CVar [[r.SkyAtmosphere.SampleCountMax:32.0]]
[2020.11.26-19.24.09:606][  0]LogConfig: Setting CVar [[r.SkyAtmosphere.TransmittanceLUT.UseSmallFormat:0]]
[2020.11.26-19.24.09:606][  0]LogConfig: Setting CVar [[r.SkyAtmosphere.TransmittanceLUT.SampleCount:10.0]]
[2020.11.26-19.24.09:606][  0]LogConfig: Setting CVar [[r.SkyAtmosphere.MultiScatteringLUT.SampleCount:15.0]]
[2020.11.26-19.24.09:606][  0]LogConfig: Applying CVar settings from Section [FoliageQuality@3] File [C:/Users/Seque/Documents/Unreal Projects/MyProject2/Saved/Config/Windows/Scalability.ini]
[2020.11.26-19.24.09:606][  0]LogConfig: Setting CVar [[foliage.DensityScale:1.0]]
[2020.11.26-19.24.09:606][  0]LogConfig: Setting CVar [[grass.DensityScale:1.0]]
[2020.11.26-19.24.09:606][  0]LogConfig: Applying CVar settings from Section [ShadingQuality@3] File [C:/Users/Seque/Documents/Unreal Projects/MyProject2/Saved/Config/Windows/Scalability.ini]
[2020.11.26-19.24.09:606][  0]LogConfig: Setting CVar [[r.HairStrands.SkyLighting.SampleCount:16]]
[2020.11.26-19.24.09:606][  0]LogConfig: Setting CVar [[r.HairStrands.SkyLighting.JitterIntegration:0]]
[2020.11.26-19.24.09:606][  0]LogConfig: Setting CVar [[r.HairStrands.SkyAO.SampleCount:16]]
[2020.11.26-19.24.09:606][  0]LogConfig: Setting CVar [[r.HairStrands.DeepShadow.SuperSampling:0]]
[2020.11.26-19.24.09:606][  0]LogConfig: Setting CVar [[r.HairStrands.VisibilityPPLL:0]]
[2020.11.26-19.24.09:606][  0]LogConfig: Setting CVar [[r.HairStrands.RasterizationScale:0.5]]
[2020.11.26-19.24.09:607][  0]LogConfig: Setting CVar [[r.HairStrands.VelocityRasterizationScale:1]]
[2020.11.26-19.24.09:607][  0]LogInit: Selected Device Profile: [Windows]
[2020.11.26-19.24.09:607][  0]LogInit: Applying CVar settings loaded from the selected device profile: [Windows]
[2020.11.26-19.24.09:607][  0]LogHAL: Display: Platform has ~ 8 GB [8388145152 / 8589934592 / 8], which maps to Default [LargestMinGB=32, LargerMinGB=12, DefaultMinGB=8, SmallerMinGB=6, SmallestMinGB=0)
[2020.11.26-19.24.09:607][  0]LogInit: Going up to parent DeviceProfile []
[2020.11.26-19.24.09:607][  0]LogConfig: Applying CVar settings from Section [ViewDistanceQuality@3] File [C:/Users/Seque/Documents/Unreal Projects/MyProject2/Saved/Config/Windows/Scalability.ini]
[2020.11.26-19.24.09:607][  0]LogConfig: Setting CVar [[r.SkeletalMeshLODBias:0]]
[2020.11.26-19.24.09:607][  0]LogConfig: Setting CVar [[r.ViewDistanceScale:1.0]]
[2020.11.26-19.24.09:607][  0]LogConfig: Applying CVar settings from Section [AntiAliasingQuality@3] File [C:/Users/Seque/Documents/Unreal Projects/MyProject2/Saved/Config/Windows/Scalability.ini]
[2020.11.26-19.24.09:607][  0]LogConfig: Setting CVar [[r.PostProcessAAQuality:4]]
[2020.11.26-19.24.09:607][  0]LogConfig: Applying CVar settings from Section [ShadowQuality@3] File [C:/Users/Seque/Documents/Unreal Projects/MyProject2/Saved/Config/Windows/Scalability.ini]
[2020.11.26-19.24.09:607][  0]LogConfig: Setting CVar [[r.LightFunctionQuality:1]]
[2020.11.26-19.24.09:608][  0]LogConfig: Setting CVar [[r.ShadowQuality:5]]
[2020.11.26-19.24.09:608][  0]LogConfig: Setting CVar [[r.Shadow.CSM.MaxCascades:10]]
[2020.11.26-19.24.09:608][  0]LogConfig: Setting CVar [[r.Shadow.MaxResolution:2048]]
[2020.11.26-19.24.09:608][  0]LogConfig: Setting CVar [[r.Shadow.MaxCSMResolution:2048]]
[2020.11.26-19.24.09:608][  0]LogConfig: Setting CVar [[r.Shadow.RadiusThreshold:0.01]]
[2020.11.26-19.24.09:608][  0]LogConfig: Setting CVar [[r.Shadow.DistanceScale:1.0]]
[2020.11.26-19.24.09:608][  0]LogConfig: Setting CVar [[r.Shadow.CSM.TransitionScale:1.0]]
[2020.11.26-19.24.09:608][  0]LogConfig: Setting CVar [[r.Shadow.PreShadowResolutionFactor:1.0]]
[2020.11.26-19.24.09:608][  0]LogConfig: Setting CVar [[r.DistanceFieldShadowing:1]]
[2020.11.26-19.24.09:608][  0]LogConfig: Setting CVar [[r.DistanceFieldAO:1]]
[2020.11.26-19.24.09:608][  0]LogConfig: Setting CVar [[r.AOQuality:2]]
[2020.11.26-19.24.09:608][  0]LogConfig: Setting CVar [[r.VolumetricFog:1]]
[2020.11.26-19.24.09:608][  0]LogConfig: Setting CVar [[r.VolumetricFog.GridPixelSize:8]]
[2020.11.26-19.24.09:608][  0]LogConfig: Setting CVar [[r.VolumetricFog.GridSizeZ:128]]
[2020.11.26-19.24.09:608][  0]LogConfig: Setting CVar [[r.VolumetricFog.HistoryMissSupersampleCount:4]]
[2020.11.26-19.24.09:608][  0]LogConfig: Setting CVar [[r.LightMaxDrawDistanceScale:1]]
[2020.11.26-19.24.09:608][  0]LogConfig: Setting CVar [[r.CapsuleShadows:1]]
[2020.11.26-19.24.09:608][  0]LogConfig: Applying CVar settings from Section [PostProcessQuality@3] File [C:/Users/Seque/Documents/Unreal Projects/MyProject2/Saved/Config/Windows/Scalability.ini]
[2020.11.26-19.24.09:609][  0]LogConfig: Setting CVar [[r.MotionBlurQuality:4]]
[2020.11.26-19.24.09:609][  0]LogConfig: Setting CVar [[r.AmbientOcclusionMipLevelFactor:0.4]]
[2020.11.26-19.24.09:609][  0]LogConfig: Setting CVar [[r.AmbientOcclusionMaxQuality:100]]
[2020.11.26-19.24.09:609][  0]LogConfig: Setting CVar [[r.AmbientOcclusionLevels:-1]]
[2020.11.26-19.24.09:609][  0]LogConfig: Setting CVar [[r.AmbientOcclusionRadiusScale:1.0]]
[2020.11.26-19.24.09:609][  0]LogConfig: Setting CVar [[r.DepthOfFieldQuality:2]]
[2020.11.26-19.24.09:609][  0]LogConfig: Setting CVar [[r.RenderTargetPoolMin:400]]
[2020.11.26-19.24.09:609][  0]LogConfig: Setting CVar [[r.LensFlareQuality:2]]
[2020.11.26-19.24.09:609][  0]LogConfig: Setting CVar [[r.SceneColorFringeQuality:1]]
[2020.11.26-19.24.09:609][  0]LogConfig: Setting CVar [[r.EyeAdaptationQuality:2]]
[2020.11.26-19.24.09:609][  0]LogConfig: Setting CVar [[r.BloomQuality:5]]
[2020.11.26-19.24.09:609][  0]LogConfig: Setting CVar [[r.FastBlurThreshold:100]]
[2020.11.26-19.24.09:609][  0]LogConfig: Setting CVar [[r.Upscale.Quality:3]]
[2020.11.26-19.24.09:609][  0]LogConfig: Setting CVar [[r.Tonemapper.GrainQuantization:1]]
[2020.11.26-19.24.09:609][  0]LogConfig: Setting CVar [[r.LightShaftQuality:1]]
[2020.11.26-19.24.09:609][  0]LogConfig: Setting CVar [[r.Filter.SizeScale:1]]
[2020.11.26-19.24.09:609][  0]LogConfig: Setting CVar [[r.Tonemapper.Quality:5]]
[2020.11.26-19.24.09:610][  0]LogConfig: Setting CVar [[r.DOF.Gather.AccumulatorQuality:1        ; higher gathering accumulator quality]]
[2020.11.26-19.24.09:610][  0]LogConfig: Setting CVar [[r.DOF.Gather.PostfilterMethod:1          ; Median3x3 postfilering method]]
[2020.11.26-19.24.09:610][  0]LogConfig: Setting CVar [[r.DOF.Gather.EnableBokehSettings:0       ; no bokeh simulation when gathering]]
[2020.11.26-19.24.09:610][  0]LogConfig: Setting CVar [[r.DOF.Gather.RingCount:4                 ; medium number of samples when gathering]]
[2020.11.26-19.24.09:610][  0]LogConfig: Setting CVar [[r.DOF.Scatter.ForegroundCompositing:1    ; additive foreground scattering]]
[2020.11.26-19.24.09:610][  0]LogConfig: Setting CVar [[r.DOF.Scatter.BackgroundCompositing:2    ; additive background scattering]]
[2020.11.26-19.24.09:610][  0]LogConfig: Setting CVar [[r.DOF.Scatter.EnableBokehSettings:1      ; bokeh simulation when scattering]]
[2020.11.26-19.24.09:610][  0]LogConfig: Setting CVar [[r.DOF.Scatter.MaxSpriteRatio:0.1         ; only a maximum of 10% of scattered bokeh]]
[2020.11.26-19.24.09:610][  0]LogConfig: Setting CVar [[r.DOF.Recombine.Quality:1                ; cheap slight out of focus]]
[2020.11.26-19.24.09:610][  0]LogConfig: Setting CVar [[r.DOF.Recombine.EnableBokehSettings:0    ; no bokeh simulation on slight out of focus]]
[2020.11.26-19.24.09:610][  0]LogConfig: Setting CVar [[r.DOF.TemporalAAQuality:1                ; more stable temporal accumulation]]
[2020.11.26-19.24.09:610][  0]LogConfig: Setting CVar [[r.DOF.Kernel.MaxForegroundRadius:0.025]]
[2020.11.26-19.24.09:610][  0]LogConfig: Setting CVar [[r.DOF.Kernel.MaxBackgroundRadius:0.025]]
[2020.11.26-19.24.09:610][  0]LogConfig: Applying CVar settings from Section [TextureQuality@3] File [C:/Users/Seque/Documents/Unreal Projects/MyProject2/Saved/Config/Windows/Scalability.ini]
[2020.11.26-19.24.09:610][  0]LogConfig: Setting CVar [[r.Streaming.MipBias:0]]
[2020.11.26-19.24.09:610][  0]LogConfig: Setting CVar [[r.Streaming.AmortizeCPUToGPUCopy:0]]
[2020.11.26-19.24.09:610][  0]LogConfig: Setting CVar [[r.Streaming.MaxNumTexturesToStreamPerFrame:0]]
[2020.11.26-19.24.09:610][  0]LogConfig: Setting CVar [[r.Streaming.Boost:1]]
[2020.11.26-19.24.09:611][  0]LogConfig: Setting CVar [[r.MaxAnisotropy:8]]
[2020.11.26-19.24.09:611][  0]LogConfig: Setting CVar [[r.VT.MaxAnisotropy:8]]
[2020.11.26-19.24.09:611][  0]LogConfig: Setting CVar [[r.Streaming.LimitPoolSizeToVRAM:0]]
[2020.11.26-19.24.09:611][  0]LogConfig: Setting CVar [[r.Streaming.PoolSize:1000]]
[2020.11.26-19.24.09:611][  0]LogConfig: Setting CVar [[r.Streaming.MaxEffectiveScreenSize:0]]
[2020.11.26-19.24.09:611][  0]LogConfig: Applying CVar settings from Section [EffectsQuality@3] File [C:/Users/Seque/Documents/Unreal Projects/MyProject2/Saved/Config/Windows/Scalability.ini]
[2020.11.26-19.24.09:611][  0]LogConfig: Setting CVar [[r.TranslucencyLightingVolumeDim:64]]
[2020.11.26-19.24.09:611][  0]LogConfig: Setting CVar [[r.RefractionQuality:2]]
[2020.11.26-19.24.09:611][  0]LogConfig: Setting CVar [[r.SSR.Quality:3]]
[2020.11.26-19.24.09:611][  0]LogConfig: Setting CVar [[r.SSR.HalfResSceneColor:0]]
[2020.11.26-19.24.09:611][  0]LogConfig: Setting CVar [[r.SceneColorFormat:4]]
[2020.11.26-19.24.09:612][  0]LogConfig: Setting CVar [[r.DetailMode:2]]
[2020.11.26-19.24.09:612][  0]LogConfig: Setting CVar [[r.TranslucencyVolumeBlur:1]]
[2020.11.26-19.24.09:612][  0]LogConfig: Setting CVar [[r.MaterialQualityLevel:1 ; High quality]]
[2020.11.26-19.24.09:612][  0]LogConfig: Setting CVar [[r.SSS.Scale:1]]
[2020.11.26-19.24.09:612][  0]LogConfig: Setting CVar [[r.SSS.SampleSet:2]]
[2020.11.26-19.24.09:612][  0]LogConfig: Setting CVar [[r.SSS.Quality:1]]
[2020.11.26-19.24.09:612][  0]LogConfig: Setting CVar [[r.SSS.HalfRes:0]]
[2020.11.26-19.24.09:612][  0]LogConfig: Setting CVar [[r.SSGI.Quality:3]]
[2020.11.26-19.24.09:612][  0]LogConfig: Setting CVar [[r.EmitterSpawnRateScale:1.0]]
[2020.11.26-19.24.09:612][  0]LogConfig: Setting CVar [[r.ParticleLightQuality:2]]
[2020.11.26-19.24.09:612][  0]LogConfig: Setting CVar [[r.SkyAtmosphere.AerialPerspectiveLUT.FastApplyOnOpaque:1 ; Always have FastSkyLUT 1 in this case to avoid wrong sky]]
[2020.11.26-19.24.09:612][  0]LogConfig: Setting CVar [[r.SkyAtmosphere.AerialPerspectiveLUT.SampleCountPerSlice:1]]
[2020.11.26-19.24.09:612][  0]LogConfig: Setting CVar [[r.SkyAtmosphere.AerialPerspectiveLUT.DepthResolution:16.0]]
[2020.11.26-19.24.09:612][  0]LogConfig: Setting CVar [[r.SkyAtmosphere.FastSkyLUT:1]]
[2020.11.26-19.24.09:612][  0]LogConfig: Setting CVar [[r.SkyAtmosphere.FastSkyLUT.SampleCountMin:4.0]]
[2020.11.26-19.24.09:612][  0]LogConfig: Setting CVar [[r.SkyAtmosphere.FastSkyLUT.SampleCountMax:32.0]]
[2020.11.26-19.24.09:612][  0]LogConfig: Setting CVar [[r.SkyAtmosphere.SampleCountMin:4.0]]
[2020.11.26-19.24.09:612][  0]LogConfig: Setting CVar [[r.SkyAtmosphere.SampleCountMax:32.0]]
[2020.11.26-19.24.09:613][  0]LogConfig: Setting CVar [[r.SkyAtmosphere.TransmittanceLUT.UseSmallFormat:0]]
[2020.11.26-19.24.09:613][  0]LogConfig: Setting CVar [[r.SkyAtmosphere.TransmittanceLUT.SampleCount:10.0]]
[2020.11.26-19.24.09:613][  0]LogConfig: Setting CVar [[r.SkyAtmosphere.MultiScatteringLUT.SampleCount:15.0]]
[2020.11.26-19.24.09:613][  0]LogConfig: Applying CVar settings from Section [FoliageQuality@3] File [C:/Users/Seque/Documents/Unreal Projects/MyProject2/Saved/Config/Windows/Scalability.ini]
[2020.11.26-19.24.09:613][  0]LogConfig: Setting CVar [[foliage.DensityScale:1.0]]
[2020.11.26-19.24.09:613][  0]LogConfig: Setting CVar [[grass.DensityScale:1.0]]
[2020.11.26-19.24.09:613][  0]LogConfig: Applying CVar settings from Section [ShadingQuality@3] File [C:/Users/Seque/Documents/Unreal Projects/MyProject2/Saved/Config/Windows/Scalability.ini]
[2020.11.26-19.24.09:613][  0]LogConfig: Setting CVar [[r.HairStrands.SkyLighting.SampleCount:16]]
[2020.11.26-19.24.09:613][  0]LogConfig: Setting CVar [[r.HairStrands.SkyLighting.JitterIntegration:0]]
[2020.11.26-19.24.09:613][  0]LogConfig: Setting CVar [[r.HairStrands.SkyAO.SampleCount:16]]
[2020.11.26-19.24.09:613][  0]LogConfig: Setting CVar [[r.HairStrands.DeepShadow.SuperSampling:0]]
[2020.11.26-19.24.09:613][  0]LogConfig: Setting CVar [[r.HairStrands.VisibilityPPLL:0]]
[2020.11.26-19.24.09:613][  0]LogConfig: Setting CVar [[r.HairStrands.RasterizationScale:0.5]]
[2020.11.26-19.24.09:613][  0]LogConfig: Setting CVar [[r.HairStrands.VelocityRasterizationScale:1]]
[2020.11.26-19.24.09:613][  0]LogConfig: Applying CVar settings from Section [Startup] File [../../../Engine/Config/ConsoleVariables.ini]
[2020.11.26-19.24.09:615][  0]LogConfig: Setting CVar [[net.UseAdaptiveNetUpdateFrequency:0]]
[2020.11.26-19.24.09:615][  0]LogConfig: Setting CVar [[p.chaos.AllowCreatePhysxBodies:1]]
[2020.11.26-19.24.09:615][  0]LogConfig: Setting CVar [[fx.SkipVectorVMBackendOptimizations:1]]
[2020.11.26-19.24.09:615][  0]LogConfig: Applying CVar settings from Section [ConsoleVariables] File [C:/Users/Seque/Documents/Unreal Projects/MyProject2/Saved/Config/Windows/Engine.ini]
[2020.11.26-19.24.09:615][  0]LogInit: Computer: HOLO-PC
[2020.11.26-19.24.09:615][  0]LogInit: User: Seque
[2020.11.26-19.24.09:615][  0]LogInit: CPU Page size=4096, Cores=4
[2020.11.26-19.24.09:615][  0]LogInit: High frequency timer resolution =10.000000 MHz
[2020.11.26-19.24.09:616][  0]LogMemory: Memory total: Physical=7.8GB (8GB approx)
[2020.11.26-19.24.09:616][  0]LogMemory: Platform Memory Stats for Windows
[2020.11.26-19.24.09:616][  0]LogMemory: Process Physical Memory: 118.12 MB used, 118.13 MB peak
[2020.11.26-19.24.09:616][  0]LogMemory: Process Virtual Memory: 112.70 MB used, 112.70 MB peak
[2020.11.26-19.24.09:616][  0]LogMemory: Physical Memory: 5844.48 MB used,  2155.07 MB free, 7999.56 MB total
[2020.11.26-19.24.09:616][  0]LogMemory: Virtual Memory: 5196.80 MB used,  134212528.00 MB free, 134217728.00 MB total
[2020.11.26-19.24.09:701][  0]LogWindows: WindowsPlatformFeatures enabled
[2020.11.26-19.24.10:126][  0]LogInit: Physics initialised using underlying interface: PhysX
[2020.11.26-19.24.10:129][  0]LogInit: Using OS detected language (en-US).
[2020.11.26-19.24.10:129][  0]LogInit: Using OS detected locale (en-CA).
[2020.11.26-19.24.10:133][  0]LogTextLocalizationManager: No specific localization for 'en-US' exists, so the 'en' localization will be used.
[2020.11.26-19.24.10:487][  0]LogInit: Setting process to per monitor DPI aware
[2020.11.26-19.24.10:599][  0]LogSlate: New Slate User Created.  User Index 0, Is Virtual User: 0
[2020.11.26-19.24.10:599][  0]LogSlate: Slate User Registered.  User Index 0, Is Virtual User: 0
[2020.11.26-19.24.11:073][  0]LogHMD: Failed to initialize OpenVR with code 126
[2020.11.26-19.24.11:073][  0]LogD3D11RHI: D3D11 min allowed feature level: 11_0
[2020.11.26-19.24.11:073][  0]LogD3D11RHI: D3D11 max allowed feature level: 11_0
[2020.11.26-19.24.11:073][  0]LogD3D11RHI: D3D11 adapters:
[2020.11.26-19.24.11:243][  0]LogD3D11RHI:    0. 'NVIDIA GeForce GTX 1660 Ti with Max-Q Design' (Feature Level 11_0)
[2020.11.26-19.24.11:243][  0]LogD3D11RHI:       5991/0/3999 MB DedicatedVideo/DedicatedSystem/SharedSystem, Outputs:2, VendorId:0x10de
[2020.11.26-19.24.11:345][  0]LogD3D11RHI:    1. 'AMD Radeon(TM) RX Vega 10 Graphics' (Feature Level 11_0)
[2020.11.26-19.24.11:345][  0]LogD3D11RHI:       112/0/3999 MB DedicatedVideo/DedicatedSystem/SharedSystem, Outputs:0, VendorId:0x1002
[2020.11.26-19.24.11:355][  0]LogD3D11RHI:    2. 'Microsoft Basic Render Driver' (Feature Level 11_0)
[2020.11.26-19.24.11:355][  0]LogD3D11RHI:       0/0/3999 MB DedicatedVideo/DedicatedSystem/SharedSystem, Outputs:0, VendorId:0x1414
[2020.11.26-19.24.11:355][  0]LogD3D11RHI: Chosen D3D11 Adapter: 0
[2020.11.26-19.24.11:388][  0]LogD3D11RHI: Creating new Direct3DDevice
[2020.11.26-19.24.11:388][  0]LogD3D11RHI:     GPU DeviceId: 0x2191 (for the marketing name, search the web for "GPU Device Id")
[2020.11.26-19.24.11:388][  0]LogWindows: EnumDisplayDevices:
[2020.11.26-19.24.11:389][  0]LogWindows:    0. 'AMD Radeon(TM) RX Vega 10 Graphics' (P:1 D:1)
[2020.11.26-19.24.11:389][  0]LogWindows:    1. 'AMD Radeon(TM) RX Vega 10 Graphics' (P:0 D:1)
[2020.11.26-19.24.11:390][  0]LogWindows:    2. 'AMD Radeon(TM) RX Vega 10 Graphics' (P:0 D:0)
[2020.11.26-19.24.11:390][  0]LogWindows:    3. 'AMD Radeon(TM) RX Vega 10 Graphics' (P:0 D:0)
[2020.11.26-19.24.11:391][  0]LogWindows:    4. 'NVIDIA GeForce GTX 1660 Ti with Max-Q Design' (P:0 D:0)
[2020.11.26-19.24.11:391][  0]LogWindows:    5. 'NVIDIA GeForce GTX 1660 Ti with Max-Q Design' (P:0 D:0)
[2020.11.26-19.24.11:391][  0]LogWindows:    6. 'NVIDIA GeForce GTX 1660 Ti with Max-Q Design' (P:0 D:0)
[2020.11.26-19.24.11:392][  0]LogWindows:    7. 'NVIDIA GeForce GTX 1660 Ti with Max-Q Design' (P:0 D:0)
[2020.11.26-19.24.11:392][  0]LogWindows: DebugString: PrimaryIsNotTheChoosenAdapter PrimaryIsNotTheChoosenAdapter PrimaryIsNotTheChoosenAdapter PrimaryIsNotTheChoosenAdapter FoundDriverCount:4 
[2020.11.26-19.24.11:392][  0]LogD3D11RHI:     Adapter Name: NVIDIA GeForce GTX 1660 Ti with Max-Q Design
[2020.11.26-19.24.11:392][  0]LogD3D11RHI:   Driver Version: 451.67 (internal:27.21.14.5167, unified:451.67)
[2020.11.26-19.24.11:392][  0]LogD3D11RHI:      Driver Date: 7-5-2020
[2020.11.26-19.24.11:392][  0]LogRHI: Texture pool is 4193 MB (70% of 5991 MB)
[2020.11.26-19.24.11:473][  0]LogD3D11RHI: RHI has support for 64 bit atomics
[2020.11.26-19.24.11:473][  0]LogD3D11RHI: Async texture creation enabled
[2020.11.26-19.24.11:473][  0]LogD3D11RHI: Array index from any shader is supported
[2020.11.26-19.24.11:494][  0]LogD3D11RHI: GPU Timing Frequency: 1000.000000 (Debug: 2 1)
[2020.11.26-19.24.11:930][  0]LogTargetPlatformManager: Display: Loaded TargetPlatform 'AllDesktop'
[2020.11.26-19.24.11:970][  0]LogTargetPlatformManager: Display: Loaded TargetPlatform 'Android'
[2020.11.26-19.24.11:970][  0]LogTargetPlatformManager: Display: Loaded TargetPlatform 'Android_ASTC'
[2020.11.26-19.24.11:970][  0]LogTargetPlatformManager: Display: Loaded TargetPlatform 'Android_DXT'
[2020.11.26-19.24.11:970][  0]LogTargetPlatformManager: Display: Loaded TargetPlatform 'Android_ETC2'
[2020.11.26-19.24.11:970][  0]LogTargetPlatformManager: Display: Loaded TargetPlatform 'AndroidClient'
[2020.11.26-19.24.11:970][  0]LogTargetPlatformManager: Display: Loaded TargetPlatform 'Android_ASTCClient'
[2020.11.26-19.24.11:970][  0]LogTargetPlatformManager: Display: Loaded TargetPlatform 'Android_DXTClient'
[2020.11.26-19.24.11:970][  0]LogTargetPlatformManager: Display: Loaded TargetPlatform 'Android_ETC2Client'
[2020.11.26-19.24.11:970][  0]LogTargetPlatformManager: Display: Loaded TargetPlatform 'Android_Multi'
[2020.11.26-19.24.11:970][  0]LogTargetPlatformManager: Display: Loaded TargetPlatform 'Android_MultiClient'
[2020.11.26-19.24.12:046][  0]LogTargetPlatformManager: Display: Loaded TargetPlatform 'IOSClient'
[2020.11.26-19.24.12:046][  0]LogTargetPlatformManager: Display: Loaded TargetPlatform 'IOS'
[2020.11.26-19.24.12:071][  0]LogTargetPlatformManager: Display: Loaded TargetPlatform 'Linux'
[2020.11.26-19.24.12:100][  0]LogTargetPlatformManager: Display: Loaded TargetPlatform 'LinuxNoEditor'
[2020.11.26-19.24.12:126][  0]LogTargetPlatformManager: Display: Loaded TargetPlatform 'LinuxClient'
[2020.11.26-19.24.12:149][  0]LogTargetPlatformManager: Display: Loaded TargetPlatform 'LinuxServer'
[2020.11.26-19.24.12:173][  0]LogTargetPlatformManager: Display: Loaded TargetPlatform 'LinuxAArch64NoEditor'
[2020.11.26-19.24.12:199][  0]LogTargetPlatformManager: Display: Loaded TargetPlatform 'LinuxAArch64Client'
[2020.11.26-19.24.12:227][  0]LogTargetPlatformManager: Display: Loaded TargetPlatform 'LinuxAArch64Server'
[2020.11.26-19.24.12:272][  0]LogTargetPlatformManager: Display: Loaded TargetPlatform 'Lumin'
[2020.11.26-19.24.12:272][  0]LogTargetPlatformManager: Display: Loaded TargetPlatform 'LuminClient'
[2020.11.26-19.24.12:312][  0]LogTargetPlatformManager: Display: Loaded TargetPlatform 'TVOSClient'
[2020.11.26-19.24.12:313][  0]LogTargetPlatformManager: Display: Loaded TargetPlatform 'TVOS'
[2020.11.26-19.24.12:345][  0]LogTargetPlatformManager: Display: Loaded TargetPlatform 'WindowsNoEditor'
[2020.11.26-19.24.12:377][  0]LogTargetPlatformManager: Display: Loaded TargetPlatform 'Windows'
[2020.11.26-19.24.12:407][  0]LogTargetPlatformManager: Display: Loaded TargetPlatform 'WindowsClient'
[2020.11.26-19.24.12:435][  0]LogTargetPlatformManager: Display: Loaded TargetPlatform 'WindowsServer'
[2020.11.26-19.24.12:435][  0]LogTargetPlatformManager: Display: Building Assets For Windows
[2020.11.26-19.24.12:486][  0]LogAudioDebug: Display: Lib vorbis DLL was dynamically loaded.
[2020.11.26-19.24.12:977][  0]LogShaderCompilers: Guid format shader working directory is -21 characters bigger than the processId version (../../../../../../Users/Seque/Documents/Unreal Projects/MyProject2/Intermediate/Shaders/WorkingDirectory/21544/).
[2020.11.26-19.24.12:978][  0]LogShaderCompilers: Cleaned the shader compiler working directory 'C:/Users/Seque/AppData/Local/Temp/UnrealShaderWorkingDir/F9051B86430CDEB96870DBA9E48A6202/'.
[2020.11.26-19.24.12:982][  0]LogXGEController: Cleaning working directory: C:/Users/Seque/AppData/Local/Temp/UnrealXGEWorkingDir/
[2020.11.26-19.24.12:982][  0]LogXGEController: Cannot use XGE Controller as Incredibuild is not installed on this machine.
[2020.11.26-19.24.12:983][  0]LogShaderCompilers: Cannot use XGE Shader Compiler as Incredibuild is not installed on this machine.
[2020.11.26-19.24.12:983][  0]LogShaderCompilers: Display: Using Local Shader Compiler.
[2020.11.26-19.24.14:581][  0]LogDerivedDataCache: Display: Max Cache Size: 512 MB
[2020.11.26-19.24.14:693][  0]LogDerivedDataCache: Loaded boot cache 0.11s 79MB C:/Users/Seque/AppData/Local/UnrealEngine/4.25/DerivedDataCache/Boot.ddc.
[2020.11.26-19.24.14:693][  0]LogDerivedDataCache: Display: Loaded Boot cache: C:/Users/Seque/AppData/Local/UnrealEngine/4.25/DerivedDataCache/Boot.ddc
[2020.11.26-19.24.14:693][  0]LogDerivedDataCache: FDerivedDataBackendGraph:  Pak pak cache file ../../../../../../Users/Seque/Documents/Unreal Projects/MyProject2/DerivedDataCache/DDC.ddp not found, will not use a pak cache.
[2020.11.26-19.24.14:693][  0]LogDerivedDataCache: Unable to find inner node Pak for hierarchical cache Hierarchy.
[2020.11.26-19.24.14:694][  0]LogDerivedDataCache: FDerivedDataBackendGraph:  CompressedPak pak cache file ../../../../../../Users/Seque/Documents/Unreal Projects/MyProject2/DerivedDataCache/Compressed.ddp not found, will not use a pak cache.
[2020.11.26-19.24.14:694][  0]LogDerivedDataCache: Unable to find inner node CompressedPak for hierarchical cache Hierarchy.
[2020.11.26-19.24.14:709][  0]LogDerivedDataCache: Display: Pak cache opened for reading ../../../Engine/DerivedDataCache/Compressed.ddp.
[2020.11.26-19.24.14:709][  0]LogDerivedDataCache: FDerivedDataBackendGraph:  EnterprisePak pak cache file ../../../Enterprise/DerivedDataCache/Compressed.ddp not found, will not use a pak cache.
[2020.11.26-19.24.14:709][  0]LogDerivedDataCache: Unable to find inner node EnterprisePak for hierarchical cache Hierarchy.
[2020.11.26-19.24.14:714][  0]LogDerivedDataCache: Using Local data cache path C:/Users/Seque/AppData/Local/UnrealEngine/Common/DerivedDataCache: Writable
[2020.11.26-19.24.14:714][  0]LogDerivedDataCache: Shared data cache path not found in *engine.ini, will not use an Shared cache.
[2020.11.26-19.24.14:714][  0]LogDerivedDataCache: Unable to find inner node Shared for hierarchical cache Hierarchy.
[2020.11.26-19.24.14:782][  0]LogSlate: Using FreeType 2.10.0
[2020.11.26-19.24.14:784][  0]LogSlate: SlateFontServices - WITH_FREETYPE: 1, WITH_HARFBUZZ: 1
[2020.11.26-19.24.14:844][  0]LogAssetRegistry: FAssetRegistry took 0.0095 seconds to start up
[2020.11.26-19.24.15:263][  0]LogInit: Selected Device Profile: [Windows]
[2020.11.26-19.24.15:711][  0]LogMeshReduction: Using QuadricMeshReduction for automatic static mesh reduction
[2020.11.26-19.24.15:711][  0]LogMeshReduction: Using SimplygonMeshReduction for automatic skeletal mesh reduction
[2020.11.26-19.24.15:711][  0]LogMeshReduction: Using ProxyLODMeshReduction for automatic mesh merging
[2020.11.26-19.24.15:711][  0]LogMeshReduction: No distributed automatic mesh merging module available
[2020.11.26-19.24.15:712][  0]LogMeshMerging: No distributed automatic mesh merging module available
[2020.11.26-19.24.15:751][  0]LogNetVersion: MyProject2 1.0.0, NetCL: 13144385, EngineNetVer: 14, GameNetVer: 0 (Checksum: 2431794755)
[2020.11.26-19.24.16:613][  0]LogAISub: UAISubsystem::UAISubsystem AISubsystem (000002B53E3C2980), frame # 0
[2020.11.26-19.24.16:613][  0]LogAISub: UAISubsystem::UAISubsystem AIPerceptionSystem (000002B53F262AC0), frame # 0
[2020.11.26-19.24.16:615][  0]LogAISub: UAISubsystem::UAISubsystem EnvQueryManager (000002B53E3B6600), frame # 0
[2020.11.26-19.24.16:745][  0]LogPackageLocalizationCache: Processed 20 localized package path(s) for 1 prioritized culture(s) in 0.100740 seconds
[2020.11.26-19.24.16:758][  0]LogUObjectArray: 15917 objects as part of root set at end of initial load.
[2020.11.26-19.24.16:758][  0]LogUObjectAllocator: 3965568 out of 0 bytes used by permanent object pool.
[2020.11.26-19.24.16:758][  0]LogUObjectArray: CloseDisregardForGC: 0/0 objects in disregard for GC pool
[2020.11.26-19.24.19:562][  0]LogTcpMessaging: Initializing TcpMessaging bridge
[2020.11.26-19.24.19:591][  0]LogUdpMessaging: Initializing bridge on interface 0.0.0.0:0 to multicast group 230.0.0.1:6666.
[2020.11.26-19.24.20:173][  0]SourceControl: Source control is disabled
[2020.11.26-19.24.20:174][  0]SourceControl: Source control is disabled
[2020.11.26-19.24.20:248][  0]SourceControl: Source control is disabled
[2020.11.26-19.24.20:278][  0]SourceControl: Source control is disabled
[2020.11.26-19.24.20:325][  0]SourceControl: Source control is disabled
[2020.11.26-19.24.22:109][  0]LogAndroidPermission: UAndroidPermissionCallbackProxy::GetInstance
[2020.11.26-19.24.22:249][  0]LogAudioCaptureCore: Display: No Audio Capture implementations found. Audio input will be silent.
[2020.11.26-19.24.22:249][  0]LogAudioCaptureCore: Display: No Audio Capture implementations found. Audio input will be silent.
[2020.11.26-19.24.22:492][  0]LogOcInput: OculusInput pre-init called
[2020.11.26-19.24.23:332][  0]LogEngine: Initializing Engine...
[2020.11.26-19.24.23:450][  0]LogHMD: Failed to initialize OpenVR with code 108
[2020.11.26-19.24.23:450][  0]LogMagicLeap: Warning: VR disabled because ZI is not enabled.  To enable, in the editor, Edit -> Project Settings -> Plugins -> Magic Leap Plugin -> Enable Zero Iteration
[2020.11.26-19.24.23:454][  0]LogStats: UGameplayTagsManager::InitializeManager -  0.000 s
[2020.11.26-19.24.23:647][  0]LogInit: Initializing FReadOnlyCVARCache
[2020.11.26-19.24.23:710][  0]LogAIModule: Creating AISystem for world Untitled
[2020.11.26-19.24.23:710][  0]LogAISub: UAISubsystem::UAISubsystem EnvQueryManager (000002B5420DD600), frame # 0
[2020.11.26-19.24.23:710][  0]LogAISub: UAISubsystem::UAISubsystem AIPerceptionSystem (000002B542128680), frame # 0
[2020.11.26-19.24.23:759][  0]LogAudioMixer: Display: Audio Mixer Platform Settings:
[2020.11.26-19.24.23:760][  0]LogAudioMixer: Display: 	Sample Rate:						  48000
[2020.11.26-19.24.23:760][  0]LogAudioMixer: Display: 	Callback Buffer Frame Size Requested: 1024
[2020.11.26-19.24.23:760][  0]LogAudioMixer: Display: 	Callback Buffer Frame Size To Use:	  1024
[2020.11.26-19.24.23:760][  0]LogAudioMixer: Display: 	Number of buffers to queue:			  2
[2020.11.26-19.24.23:760][  0]LogAudioMixer: Display: 	Max Channels (voices):				  32
[2020.11.26-19.24.23:760][  0]LogAudioMixer: Display: 	Number of Async Source Workers:		  0
[2020.11.26-19.24.23:760][  0]LogAudio: Display: AudioDevice MaxSources: 32
[2020.11.26-19.24.23:763][  0]LogAudio: Display: Using built-in audio occlusion.
[2020.11.26-19.24.23:763][  0]LogAudioMixer: Display: Initializing audio mixer.
[2020.11.26-19.24.24:670][  0]LogAudioMixer: Display: 0: FrontLeft
[2020.11.26-19.24.24:670][  0]LogAudioMixer: Display: 1: FrontRight
[2020.11.26-19.24.24:859][  0]LogAudioMixer: Display: Using Audio Device OUT 1-2 (BEHRINGER UMC 204HD 192k)
[2020.11.26-19.24.24:863][  0]LogAudioMixer: Display: Initializing Sound Submixes...
[2020.11.26-19.24.24:869][  0]LogAudioMixer: Display: Creating Master Submix 'MasterSubmixDefault'
[2020.11.26-19.24.24:869][  0]LogAudioMixer: Display: Creating Master Submix 'MasterReverbSubmixDefault'
[2020.11.26-19.24.24:872][  0]LogAudioMixer: Display: Creating Master Submix 'MasterEQSubmixDefault'
[2020.11.26-19.24.24:875][  0]LogInit: FAudioDevice initialized.
[2020.11.26-19.24.24:877][  0]LogNetVersion: Set ProjectVersion to 1.0.0.0. Version Checksum will be recalculated on next use.
[2020.11.26-19.24.24:968][  0]LogDerivedDataCache: Saved boot cache 0.09s 79MB C:/Users/Seque/AppData/Local/UnrealEngine/4.25/DerivedDataCache/Boot.ddc.
[2020.11.26-19.24.24:976][  0]LogInit: Texture streaming: Enabled
[2020.11.26-19.24.25:063][  0]LogEngineSessionManager: EngineSessionManager initialized
[2020.11.26-19.24.25:064][  0]LogEngineSessionManager: EngineSessionManager sent abnormal shutdown report. Type=Debugger, SessionId={34E7616D-41B9-E237-6FF4-5AB0261F24E1}
[2020.11.26-19.24.25:064][  0]LogEditorSessionSummary: Verbose: Initializing EditorSessionSummaryWriter for editor session tracking
[2020.11.26-19.24.25:067][  0]LogEditorSessionSummary: EditorSessionSummaryWriter initialized
[2020.11.26-19.24.25:196][  0]LogInit: Transaction tracking system initialized
[2020.11.26-19.24.25:391][  0]BlueprintLog: New page: Editor Load
[2020.11.26-19.24.26:100][  0]LocalizationService: Localization service is disabled
[2020.11.26-19.24.26:850][  0]LogFileCache: Scanning file cache for directory 'C:/Users/Seque/Documents/Unreal Projects/MyProject2/Content/' took 0.01s
[2020.11.26-19.24.26:850][  0]LogCook: Display: Max memory allowance for cook 16384mb min free memory 0mb
[2020.11.26-19.24.26:851][  0]LogCook: Display: Mobile HDR setting 1
[2020.11.26-19.24.28:169][  0]SourceControl: Source control is disabled
[2020.11.26-19.24.28:170][  0]LogUnrealEdMisc: Loading editor; pre map load, took 22.603
[2020.11.26-19.24.28:172][  0]Cmd: MAP LOAD FILE="../../../../../../Users/Seque/Documents/Unreal Projects/MyProject2/Content/StarterContent/Maps/Minimal_Default.umap" TEMPLATE=0 SHOWPROGRESS=1 FEATURELEVEL=3
[2020.11.26-19.24.28:176][  0]LightingResults: New page: Lighting Build
[2020.11.26-19.24.28:188][  0]LogWorld: UWorld::CleanupWorld for Untitled, bSessionEnded=true, bCleanupResources=true
[2020.11.26-19.24.28:190][  0]LogSlate: InvalidateAllWidgets triggered.  All widgets were invalidated
[2020.11.26-19.24.28:192][  0]MapCheck: New page: Map Check
[2020.11.26-19.24.28:192][  0]LightingResults: New page: Lighting Build
[2020.11.26-19.24.28:229][  0]LogAISub: UAISubsystem::~UAISubsystem EnvQueryManager (000002B5420DD600), frame # 0
[2020.11.26-19.24.28:229][  0]LogAISub: UAISubsystem::~UAISubsystem AIPerceptionSystem (000002B542128680), frame # 0
[2020.11.26-19.24.28:232][  0]LogUObjectHash: Compacting FUObjectHashTables data took   0.76ms
[2020.11.26-19.24.28:530][  0]LogAIModule: Creating AISystem for world Minimal_Default
[2020.11.26-19.24.28:530][  0]LogAISub: UAISubsystem::UAISubsystem EnvQueryManager (000002B535844400), frame # 0
[2020.11.26-19.24.28:531][  0]LogAISub: UAISubsystem::UAISubsystem AIPerceptionSystem (000002B5357A5440), frame # 0
[2020.11.26-19.24.28:603][  0]LogEditorServer: Finished looking for orphan Actors (0.000 secs)
[2020.11.26-19.24.28:642][  0]LogUObjectHash: Compacting FUObjectHashTables data took   1.18ms
[2020.11.26-19.24.28:644][  0]Cmd: MAP CHECKDEP NOCLEARLOG
[2020.11.26-19.24.28:645][  0]MapCheck: Map check complete: 0 Error(s), 0 Warning(s), took 0.686ms to complete.
[2020.11.26-19.24.28:645][  0]LogFileHelpers: Loading map 'Minimal_Default' took 0.475
[2020.11.26-19.24.28:690][  0]LogUnrealEdMisc: Total Editor Startup Time, took 23.123
[2020.11.26-19.24.28:939][  0]LogSlate: Updating window title bar state: overlay mode, drag disabled, window buttons hidden, title bar hidden
[2020.11.26-19.24.28:952][  0]LogSlate: Updating window title bar state: overlay mode, drag disabled, window buttons hidden, title bar hidden
[2020.11.26-19.24.28:960][  0]LogSlate: Updating window title bar state: overlay mode, drag disabled, window buttons hidden, title bar hidden
[2020.11.26-19.24.28:971][  0]LogSlate: Updating window title bar state: overlay mode, drag disabled, window buttons hidden, title bar hidden
[2020.11.26-19.24.29:007][  0]LogCollectionManager: Loaded 0 collections in 0.003447 seconds
[2020.11.26-19.24.29:066][  0]LogFileCache: Scanning file cache for directory 'C:/Users/Seque/Documents/Unreal Projects/MyProject2/Saved/Collections/' took 0.00s
[2020.11.26-19.24.29:066][  0]LogFileCache: Scanning file cache for directory 'C:/Users/Seque/Documents/Unreal Projects/MyProject2/Content/Developers/Seque/Collections/' took 0.01s
[2020.11.26-19.24.29:067][  0]LogFileCache: Scanning file cache for directory 'C:/Users/Seque/Documents/Unreal Projects/MyProject2/Content/Collections/' took 0.00s
[2020.11.26-19.24.29:067][  0]LogContentBrowser: Native class hierarchy populated in 0.0142 seconds. Added 3429 classes and 826 folders.
[2020.11.26-19.24.29:082][  0]LogContentBrowser: Native class hierarchy updated for 'WidgetCarousel' in 0.0007 seconds. Added 0 classes and 0 folders.
[2020.11.26-19.24.29:261][  0]LogContentBrowser: Native class hierarchy updated for 'AddContentDialog' in 0.0005 seconds. Added 0 classes and 0 folders.
[2020.11.26-19.24.29:269][  0]LogContentBrowser: Native class hierarchy updated for 'SceneOutliner' in 0.0006 seconds. Added 2 classes and 0 folders.
[2020.11.26-19.24.29:417][  0]LogSlate: Took 0.001091 seconds to synchronously load lazily loaded font '../../../Engine/Content/Slate/Fonts/Roboto-Regular.ttf' (155K)
[2020.11.26-19.24.29:422][  0]LogSlate: Took 0.000880 seconds to synchronously load lazily loaded font '../../../Engine/Content/Slate/Fonts/Roboto-Bold.ttf' (160K)
[2020.11.26-19.24.29:431][  0]LogSlate: Took 0.000953 seconds to synchronously load lazily loaded font '../../../Engine/Content/Editor/Slate/Fonts/FontAwesome.ttf' (139K)
[2020.11.26-19.24.29:579][  0]LogRenderer: Reallocating scene render targets to support 1208x572 Format 10 NumSamples 1 (Frame:1).
[2020.11.26-19.24.29:927][  0]LogContentBrowser: Native class hierarchy updated for 'HierarchicalLODOutliner' in 0.0006 seconds. Added 0 classes and 0 folders.
[2020.11.26-19.24.29:927][  0]LogLoad: (Engine Initialization) Total time: 24.36 seconds
[2020.11.26-19.24.29:927][  0]LogLoad: (Engine Initialization) Total Blueprint compile time: 0.00 seconds
[2020.11.26-19.24.30:028][  0]LogContentStreaming: Texture pool size now 1000 MB
[2020.11.26-19.24.30:062][  0]LogSlate: Took 0.000771 seconds to synchronously load lazily loaded font '../../../Engine/Content/Slate/Fonts/Roboto-Light.ttf' (167K)
[2020.11.26-19.24.30:076][  1]LogAssetRegistry: Asset discovery search completed in 15.2381 seconds
[2020.11.26-19.24.30:084][  1]LogCollectionManager: Fixed up redirectors for 0 collections in 0.000003 seconds (updated 0 objects)
[2020.11.26-19.24.35:156][182]LogTemp: Repeating last play command: Selected Viewport
[2020.11.26-19.24.35:180][182]LogPlayLevel: PlayLevel: No blueprints needed recompiling
[2020.11.26-19.24.35:186][182]PIE: New page: PIE session: Minimal_Default (Nov. 26, 2020, 9:24:35 a.m.)
[2020.11.26-19.24.35:192][182]LogOnline: OSS: Creating online subsystem instance for: NULL
[2020.11.26-19.24.35:196][182]LogOnline: OSS: TryLoadSubsystemAndSetDefault: Loaded subsystem for module [NULL]
[2020.11.26-19.24.35:196][182]LogPlayLevel: Creating play world package: /Game/StarterContent/Maps/UEDPIE_0_Minimal_Default
[2020.11.26-19.24.35:207][182]LogPlayLevel: PIE: StaticDuplicateObject took: (0.010793s)
[2020.11.26-19.24.35:209][182]LogAIModule: Creating AISystem for world Minimal_Default
[2020.11.26-19.24.35:210][182]LogAISub: UAISubsystem::UAISubsystem EnvQueryManager (000002B54F6B9400), frame # 182
[2020.11.26-19.24.35:210][182]LogAISub: UAISubsystem::UAISubsystem AIPerceptionSystem (000002B535A64900), frame # 182
[2020.11.26-19.24.35:211][182]LogPlayLevel: PIE: World Init took: (0.002972s)
[2020.11.26-19.24.35:211][182]LogPlayLevel: PIE: Created PIE world by copying editor world from /Game/StarterContent/Maps/Minimal_Default.Minimal_Default to /Game/StarterContent/Maps/UEDPIE_0_Minimal_Default.Minimal_Default (0.014828s)
[2020.11.26-19.24.35:224][182]LogUObjectHash: Compacting FUObjectHashTables data took   0.89ms
[2020.11.26-19.24.35:227][182]LogAudioMixer: Display: Audio Mixer Platform Settings:
[2020.11.26-19.24.35:227][182]LogAudioMixer: Display: 	Sample Rate:						  48000
[2020.11.26-19.24.35:227][182]LogAudioMixer: Display: 	Callback Buffer Frame Size Requested: 1024
[2020.11.26-19.24.35:227][182]LogAudioMixer: Display: 	Callback Buffer Frame Size To Use:	  1024
[2020.11.26-19.24.35:227][182]LogAudioMixer: Display: 	Number of buffers to queue:			  2
[2020.11.26-19.24.35:227][182]LogAudioMixer: Display: 	Max Channels (voices):				  32
[2020.11.26-19.24.35:227][182]LogAudioMixer: Display: 	Number of Async Source Workers:		  0
[2020.11.26-19.24.35:227][182]LogAudio: Display: AudioDevice MaxSources: 32
[2020.11.26-19.24.35:228][182]LogAudio: Display: Using built-in audio occlusion.
[2020.11.26-19.24.35:228][182]LogAudioMixer: Display: Initializing audio mixer.
[2020.11.26-19.24.35:234][182]LogAudioMixer: Display: 0: FrontLeft
[2020.11.26-19.24.35:234][182]LogAudioMixer: Display: 1: FrontRight
[2020.11.26-19.24.35:294][182]LogAudioMixer: Display: Using Audio Device OUT 1-2 (BEHRINGER UMC 204HD 192k)
[2020.11.26-19.24.35:295][182]LogAudioMixer: Display: Initializing Sound Submixes...
[2020.11.26-19.24.35:295][182]LogAudioMixer: Display: Creating Master Submix 'MasterSubmixDefault'
[2020.11.26-19.24.35:295][182]LogAudioMixer: Display: Creating Master Submix 'MasterReverbSubmixDefault'
[2020.11.26-19.24.35:296][182]LogAudioMixer: Display: Creating Master Submix 'MasterEQSubmixDefault'
[2020.11.26-19.24.35:333][182]LogInit: FAudioDevice initialized.
[2020.11.26-19.24.35:356][182]LogLoad: Game class is 'GameModeBase'
[2020.11.26-19.24.35:362][182]LogWorld: Bringing World /Game/StarterContent/Maps/UEDPIE_0_Minimal_Default.Minimal_Default up for play (max tick rate 60) at 2020.11.26-14.24.35
[2020.11.26-19.24.35:363][182]LogWorld: Bringing up level for play took: 0.002251
[2020.11.26-19.24.35:364][182]LogOnline: OSS: Creating online subsystem instance for: :Context_1
[2020.11.26-19.24.35:383][182]LogContentBrowser: Native class hierarchy updated for 'MovieSceneCapture' in 0.0006 seconds. Added 20 classes and 0 folders.
[2020.11.26-19.24.35:391][182]PIE: Server logged in
[2020.11.26-19.24.35:394][182]PIE: Play in editor total start time 0.219 seconds.
[2020.11.26-19.24.56:086][418]LogSlate: Updating window title bar state: overlay mode, drag disabled, window buttons hidden, title bar hidden
[2020.11.26-19.24.56:086][418]LogWorld: BeginTearingDown for /Game/StarterContent/Maps/UEDPIE_0_Minimal_Default
[2020.11.26-19.24.56:088][418]LogWorld: UWorld::CleanupWorld for Minimal_Default, bSessionEnded=true, bCleanupResources=true
[2020.11.26-19.24.56:089][418]LogSlate: InvalidateAllWidgets triggered.  All widgets were invalidated
[2020.11.26-19.24.56:109][418]LogPlayLevel: Display: Shutting down PIE online subsystems
[2020.11.26-19.24.56:113][418]LogSlate: InvalidateAllWidgets triggered.  All widgets were invalidated
[2020.11.26-19.24.56:205][418]LogSlate: Updating window title bar state: overlay mode, drag disabled, window buttons hidden, title bar hidden
[2020.11.26-19.24.56:207][418]LogAISub: UAISubsystem::~UAISubsystem AIPerceptionSystem (000002B535A64900), frame # 1418
[2020.11.26-19.24.56:208][418]LogAISub: UAISubsystem::~UAISubsystem EnvQueryManager (000002B54F6B9400), frame # 1418
[2020.11.26-19.24.56:210][418]LogUObjectHash: Compacting FUObjectHashTables data took   0.67ms
[2020.11.26-19.24.56:247][419]LogPlayLevel: Display: Destroying online subsystem :Context_1
[2020.11.26-19.25.06:747][ 35]LogEditor: Attempting to add actor of class 'MyActor' to level at 260.00,570.00,-220.00
[2020.11.26-19.25.07:270][ 63]LogEditor: Attempting to add actor of class 'MyActor' to level at 10.00,510.00,-200.00
[2020.11.26-19.25.14:268][459]LogSlate: Took 0.000960 seconds to synchronously load lazily loaded font '../../../Engine/Content/Slate/Fonts/Roboto-Italic.ttf' (157K)
[2020.11.26-19.26.40:563][512]LogSlate: Took 0.000209 seconds to synchronously load lazily loaded font '../../../Engine/Content/Slate/Fonts/Roboto-Light.ttf' (167K)
[2020.11.26-19.26.40:638][512]LogUObjectHash: Compacting FUObjectHashTables data took   0.80ms
[2020.11.26-19.26.40:694][512]LogSavePackage: Moving '../../../../../../Users/Seque/Documents/Unreal Projects/MyProject2/Saved/Minimal_DefaultF4E724B842DBAFA92CDF289539838CFC.tmp' to '../../../../../../Users/Seque/Documents/Unreal Projects/MyProject2/Content/StarterContent/Maps/Minimal_Default.umap'
[2020.11.26-19.26.40:804][512]LogSavePackage: Moving '../../../../../../Users/Seque/Documents/Unreal Projects/MyProject2/Saved/Minimal_Default_BuiltDataBF8C671A42479E9FA485548E6AB5EBBF.tmp' to '../../../../../../Users/Seque/Documents/Unreal Projects/MyProject2/Content/StarterContent/Maps/Minimal_Default_BuiltData.uasset'
[2020.11.26-19.26.40:825][512]AssetCheck: New page: Asset Save: multiple assets
[2020.11.26-19.26.40:826][512]LogContentValidation: Display: Validating World /Game/StarterContent/Maps/Minimal_Default.Minimal_Default
[2020.11.26-19.26.40:826][512]LogContentValidation: Display: Validating MapBuildDataRegistry /Game/StarterContent/Maps/Minimal_Default_BuiltData.Minimal_Default_BuiltData
[2020.11.26-19.27.00:616][697]LogTemp: Repeating last play command: Selected Viewport
[2020.11.26-19.27.00:636][697]LogPlayLevel: PlayLevel: No blueprints needed recompiling
[2020.11.26-19.27.00:636][697]PIE: New page: PIE session: Minimal_Default (Nov. 26, 2020, 9:27:00 a.m.)
[2020.11.26-19.27.00:636][697]LogPlayLevel: Creating play world package: /Game/StarterContent/Maps/UEDPIE_0_Minimal_Default
[2020.11.26-19.27.00:641][697]LogPlayLevel: PIE: StaticDuplicateObject took: (0.004500s)
[2020.11.26-19.27.00:642][697]LogAIModule: Creating AISystem for world Minimal_Default
[2020.11.26-19.27.00:643][697]LogAISub: UAISubsystem::UAISubsystem EnvQueryManager (000002B551714800), frame # 8697
[2020.11.26-19.27.00:644][697]LogAISub: UAISubsystem::UAISubsystem AIPerceptionSystem (000002B5357A6980), frame # 8697
[2020.11.26-19.27.00:645][697]LogPlayLevel: PIE: World Init took: (0.004002s)
[2020.11.26-19.27.00:645][697]LogPlayLevel: PIE: Created PIE world by copying editor world from /Game/StarterContent/Maps/Minimal_Default.Minimal_Default to /Game/StarterContent/Maps/UEDPIE_0_Minimal_Default.Minimal_Default (0.009016s)
[2020.11.26-19.27.00:655][697]LogUObjectHash: Compacting FUObjectHashTables data took   0.72ms
[2020.11.26-19.27.00:658][697]LogAudioMixer: Display: Audio Mixer Platform Settings:
[2020.11.26-19.27.00:659][697]LogAudioMixer: Display: 	Sample Rate:						  48000
[2020.11.26-19.27.00:659][697]LogAudioMixer: Display: 	Callback Buffer Frame Size Requested: 1024
[2020.11.26-19.27.00:659][697]LogAudioMixer: Display: 	Callback Buffer Frame Size To Use:	  1024
[2020.11.26-19.27.00:659][697]LogAudioMixer: Display: 	Number of buffers to queue:			  2
[2020.11.26-19.27.00:659][697]LogAudioMixer: Display: 	Max Channels (voices):				  32
[2020.11.26-19.27.00:659][697]LogAudioMixer: Display: 	Number of Async Source Workers:		  0
[2020.11.26-19.27.00:659][697]LogAudio: Display: AudioDevice MaxSources: 32
[2020.11.26-19.27.00:660][697]LogAudio: Display: Using built-in audio occlusion.
[2020.11.26-19.27.00:660][697]LogAudioMixer: Display: Initializing audio mixer.
[2020.11.26-19.27.00:666][697]LogAudioMixer: Display: 0: FrontLeft
[2020.11.26-19.27.00:666][697]LogAudioMixer: Display: 1: FrontRight
[2020.11.26-19.27.00:725][697]LogAudioMixer: Display: Using Audio Device OUT 1-2 (BEHRINGER UMC 204HD 192k)
[2020.11.26-19.27.00:725][697]LogAudioMixer: Display: Initializing Sound Submixes...
[2020.11.26-19.27.00:725][697]LogAudioMixer: Display: Creating Master Submix 'MasterSubmixDefault'
[2020.11.26-19.27.00:726][697]LogAudioMixer: Display: Creating Master Submix 'MasterReverbSubmixDefault'
[2020.11.26-19.27.00:727][697]LogAudioMixer: Display: Creating Master Submix 'MasterEQSubmixDefault'
[2020.11.26-19.27.00:753][697]LogInit: FAudioDevice initialized.
[2020.11.26-19.27.00:771][697]LogLoad: Game class is 'GameModeBase'
[2020.11.26-19.27.00:772][697]LogWorld: Bringing World /Game/StarterContent/Maps/UEDPIE_0_Minimal_Default.Minimal_Default up for play (max tick rate 60) at 2020.11.26-14.27.00
[2020.11.26-19.27.00:773][697]LogWorld: Bringing up level for play took: 0.001084
[2020.11.26-19.27.00:773][697]LogOnline: OSS: Creating online subsystem instance for: :Context_3
[2020.11.26-19.27.00:778][697]PIE: Server logged in
[2020.11.26-19.27.00:779][697]PIE: Play in editor total start time 0.144 seconds.
[2020.11.26-19.27.08:540][158]LogSlate: Updating window title bar state: overlay mode, drag disabled, window buttons hidden, title bar hidden
[2020.11.26-19.27.08:540][158]LogWorld: BeginTearingDown for /Game/StarterContent/Maps/UEDPIE_0_Minimal_Default
[2020.11.26-19.27.08:540][158]LogWorld: UWorld::CleanupWorld for Minimal_Default, bSessionEnded=true, bCleanupResources=true
[2020.11.26-19.27.08:541][158]LogSlate: InvalidateAllWidgets triggered.  All widgets were invalidated
[2020.11.26-19.27.08:562][158]LogPlayLevel: Display: Shutting down PIE online subsystems
[2020.11.26-19.27.08:564][158]LogSlate: InvalidateAllWidgets triggered.  All widgets were invalidated
[2020.11.26-19.27.08:573][158]LogSlate: Updating window title bar state: overlay mode, drag disabled, window buttons hidden, title bar hidden
[2020.11.26-19.27.08:652][158]LogAISub: UAISubsystem::~UAISubsystem AIPerceptionSystem (000002B5357A6980), frame # 9158
[2020.11.26-19.27.08:652][158]LogAISub: UAISubsystem::~UAISubsystem EnvQueryManager (000002B551714800), frame # 9158
[2020.11.26-19.27.08:653][158]LogUObjectHash: Compacting FUObjectHashTables data took   0.88ms
[2020.11.26-19.27.08:692][159]LogPlayLevel: Display: Destroying online subsystem :Context_3
